TREES   100
D01 93 102 33
D02 103 109 33
D03 103 103  33
D04 76 132  33
D05 76 129    33
D06 76 132      33
D07 68 126       33
D08 68 126          33
D09 68 126           33
D10 69 116              33
D11 69 116               33
D12 69 116                 33
D13 66 111                   33
D14 66 111 33
D15 66 111   33
D16 68 113     33
D17 68 113       33
D18 68 113         33
D19 21 37            8
D20 27 31              8
D21 21 39               8
D22 76 131                  33
D23 75 129                    33
D24 75 129                     33
D25 70 137                        33
D26 69 138                         33
D27 71 137                           33
D28 70 140                             33
D29 70 140                               33
D30 71 141                                 33
D31 81 133                                   33
D32 80 134                                     33
D33 80 133  33
D34 108 136   33
D35 108 136     33
D36 108 136       33
D37 79 134          33
D38 79 133           33
D39 78 133             33
D40 78 133               8
D41 78 133                 8
D42 78 128                   8
D43 79 129                     33
D44 78 127                       33
D45 79 128                         33
D46 41 132                            33
D47 41 132                             33
D48 41 132                              33
D49 69 116                                 33
D50 41 132                                    33
D51 41 132                                      33
D52 42 133                                        33
D53 80 109                                        33
D54 82 109                                        33
D55 82 109                                        33
D56 89 120                                        33
D57 85 120                                        33
D58 79 122                                        33
D59 77 121                                        33
D60 80 117                                        33
D61 83 125                                        33
D62 64 121                                        33
D63 75 123                                        33
D64 83 120                                        33
D65 76 122                                        33
D66 80 125                                        33
D67 84 126                                        33
D68 76 117                                        8
D69 73 115                                        8
D70 73 117                                        8
D71 88 138                                        33
D72 89 137                                        33
D73 88 137                                        33
D74 73 123                                        33
D75 74 123                                        33
D76 75 123                                        33
D77 78 133                                        8
D78 78 132                                        8
D79 78 132                                        8
D80 77 98                                      23
D81 75 116                                        23
D82 83 116                                        23
D83 77 115                                        23
D84 83 117                                        23
D85 76 98                                        23
D86 84 100    10
D87 84 100    10
D88 84 100    10
D89 84 100    10
D90 84 100    10
D91 84 100    10
D92 84 100    10
D93 84 100    10
D94 84 100    10
D95 84 100    10
D96 84 100    10
D97 84 100    10
D98 84 100    10
D99 84 100    10
D100 36 69   10
